<?xml version="1.0" encoding="UTF-8"?>
<!-- Generated by org.testng.reporters.JUnitXMLReporter -->
<testsuite ignored="3" hostname="Karans-MacBook-Air.local" failures="0" tests="1" name="Default test" time="20.203" errors="0" timestamp="2024-02-01T00:42:56 EST">
  <testcase classname="com.UiKitCatalogTestsOnIOS.Tests.AppiumTestForUiKitCatalogApp" name="TestIOSScroll" time="6.845"/>
  <testcase classname="com.UiKitCatalogTestsOnIOS.Tests.AppiumTestForUiKitCatalogApp" name="TestAlertViews" time="0.0">
    <ignored/>
  </testcase> <!-- TestAlertViews -->
  <testcase classname="com.UiKitCatalogTestsOnIOS.Tests.AppiumTestForUiKitCatalogApp" name="TestIOSLongPress" time="0.0">
    <ignored/>
  </testcase> <!-- TestIOSLongPress -->
  <testcase classname="com.UiKitCatalogTestsOnIOS.Tests.AppiumTestForUiKitCatalogApp" name="TestIOSPicker" time="0.0">
    <ignored/>
  </testcase> <!-- TestIOSPicker -->
</testsuite> <!-- Default test -->
