<?xml version="1.0" encoding="UTF-8"?>
<!-- Generated by org.testng.reporters.JUnitXMLReporter -->
<testsuite ignored="0" hostname="Karans-MacBook-Air.local" failures="0" tests="4" name="E2E tests for UiKitCatalog on IOS" time="37.365" errors="0" timestamp="2024-02-01T00:50:35 EST">
  <testcase classname="com.UiKitCatalogTestsOnIOS.Tests.AppiumTestForUiKitCatalogApp" name="TestAlertViews" time="5.811"/>
  <testcase classname="com.UiKitCatalogTestsOnIOS.Tests.AppiumTestForUiKitCatalogApp" name="TestIOSLongPress" time="9.251"/>
  <testcase classname="com.UiKitCatalogTestsOnIOS.Tests.AppiumTestForUiKitCatalogApp" name="TestIOSPicker" time="3.049"/>
  <testcase classname="com.UiKitCatalogTestsOnIOS.Tests.AppiumTestForUiKitCatalogApp" name="TestIOSScroll" time="6.107"/>
</testsuite> <!-- E2E tests for UiKitCatalog on IOS -->
